The system is: Linux - 2.6.32-431.29.2.el6.x86_64 - x86_64
Compiling the C compiler identification source file "CMakeCCompilerId.c" succeeded.
Compiler: /home/juno/soft/gcc/gcc-4.8-install/bin/gcc 
Build flags: 
Id flags:  

The output was:
0


Compilation of the C compiler identification source "CMakeCCompilerId.c" produced "a.out"

The C compiler identification is GNU, found in "/home/wuwj/workdir/G410code/geant4/simjuno/CMakeFiles/3.9.2/CompilerIdC/a.out"

Compiling the CXX compiler identification source file "CMakeCXXCompilerId.cpp" succeeded.
Compiler: /home/juno/soft/gcc/gcc-4.8-install/bin/g++ 
Build flags: 
Id flags:  

The output was:
0


Compilation of the CXX compiler identification source "CMakeCXXCompilerId.cpp" produced "a.out"

The CXX compiler identification is GNU, found in "/home/wuwj/workdir/G410code/geant4/simjuno/CMakeFiles/3.9.2/CompilerIdCXX/a.out"

Determining if the C compiler works passed with the following output:
Change Dir: /home/wuwj/workdir/G410code/geant4/simjuno/CMakeFiles/CMakeTmp

Run Build Command:"/usr/bin/gmake" "cmTC_a06b6/fast"
/usr/bin/gmake -f CMakeFiles/cmTC_a06b6.dir/build.make CMakeFiles/cmTC_a06b6.dir/build
gmake[1]: Entering directory `/home/wuwj/workdir/G410code/geant4/simjuno/CMakeFiles/CMakeTmp'
Building C object CMakeFiles/cmTC_a06b6.dir/testCCompiler.c.o
/home/juno/soft/gcc/gcc-4.8-install/bin/gcc    -o CMakeFiles/cmTC_a06b6.dir/testCCompiler.c.o   -c /home/wuwj/workdir/G410code/geant4/simjuno/CMakeFiles/CMakeTmp/testCCompiler.c
Linking C executable cmTC_a06b6
/home/juno/soft/cmake/cmake-3.9.2-install/bin/cmake -E cmake_link_script CMakeFiles/cmTC_a06b6.dir/link.txt --verbose=1
/home/juno/soft/gcc/gcc-4.8-install/bin/gcc      -rdynamic CMakeFiles/cmTC_a06b6.dir/testCCompiler.c.o  -o cmTC_a06b6 
gmake[1]: Leaving directory `/home/wuwj/workdir/G410code/geant4/simjuno/CMakeFiles/CMakeTmp'


Detecting C compiler ABI info compiled with the following output:
Change Dir: /home/wuwj/workdir/G410code/geant4/simjuno/CMakeFiles/CMakeTmp

Run Build Command:"/usr/bin/gmake" "cmTC_f7c44/fast"
/usr/bin/gmake -f CMakeFiles/cmTC_f7c44.dir/build.make CMakeFiles/cmTC_f7c44.dir/build
gmake[1]: Entering directory `/home/wuwj/workdir/G410code/geant4/simjuno/CMakeFiles/CMakeTmp'
Building C object CMakeFiles/cmTC_f7c44.dir/CMakeCCompilerABI.c.o
/home/juno/soft/gcc/gcc-4.8-install/bin/gcc    -o CMakeFiles/cmTC_f7c44.dir/CMakeCCompilerABI.c.o   -c /home/juno/soft/cmake/cmake-3.9.2-install/share/cmake-3.9/Modules/CMakeCCompilerABI.c
Linking C executable cmTC_f7c44
/home/juno/soft/cmake/cmake-3.9.2-install/bin/cmake -E cmake_link_script CMakeFiles/cmTC_f7c44.dir/link.txt --verbose=1
/home/juno/soft/gcc/gcc-4.8-install/bin/gcc     -v -rdynamic CMakeFiles/cmTC_f7c44.dir/CMakeCCompilerABI.c.o  -o cmTC_f7c44 
Using built-in specs.
COLLECT_GCC=/home/juno/soft/gcc/gcc-4.8-install/bin/gcc
COLLECT_LTO_WRAPPER=/home/juno/soft/gcc/gcc-4.8-install/libexec/gcc/x86_64-redhat-linux/4.8.5/lto-wrapper
Target: x86_64-redhat-linux
Configured with: ./../gcc-4_8-branch/configure --prefix=/home/juno/soft/gcc/gcc-4.8-install --enable-languages=c,c++,fortran,objc,obj-c++ --enable-threads=posix --enable-checking=release --with-system-zlib --enable-__cxa_atexit --with-ppl --with-cloog --with-tune=generic --with-arch_32=i686 --build=x86_64-redhat-linux
Thread model: posix
gcc version 4.8.5 (GCC) 
COMPILER_PATH=/home/juno/soft/gcc/gcc-4.8-install/libexec/gcc/x86_64-redhat-linux/4.8.5/:/home/juno/soft/gcc/gcc-4.8-install/libexec/gcc/x86_64-redhat-linux/4.8.5/:/home/juno/soft/gcc/gcc-4.8-install/libexec/gcc/x86_64-redhat-linux/:/home/juno/soft/gcc/gcc-4.8-install/lib/gcc/x86_64-redhat-linux/4.8.5/:/home/juno/soft/gcc/gcc-4.8-install/lib/gcc/x86_64-redhat-linux/
LIBRARY_PATH=/home/juno/soft/gcc/gcc-4.8-install/lib/gcc/x86_64-redhat-linux/4.8.5/:/home/juno/soft/gcc/gcc-4.8-install/lib/gcc/x86_64-redhat-linux/4.8.5/../../../../lib64/:/lib/../lib64/:/usr/lib/../lib64/:/home/juno/soft/gcc/gcc-4.8-install/lib/gcc/x86_64-redhat-linux/4.8.5/../../../:/lib/:/usr/lib/
COLLECT_GCC_OPTIONS='-v' '-rdynamic' '-o' 'cmTC_f7c44' '-mtune=generic' '-march=x86-64'
 /home/juno/soft/gcc/gcc-4.8-install/libexec/gcc/x86_64-redhat-linux/4.8.5/collect2 --eh-frame-hdr -m elf_x86_64 -export-dynamic -dynamic-linker /lib64/ld-linux-x86-64.so.2 -o cmTC_f7c44 /usr/lib/../lib64/crt1.o /usr/lib/../lib64/crti.o /home/juno/soft/gcc/gcc-4.8-install/lib/gcc/x86_64-redhat-linux/4.8.5/crtbegin.o -L/home/juno/soft/gcc/gcc-4.8-install/lib/gcc/x86_64-redhat-linux/4.8.5 -L/home/juno/soft/gcc/gcc-4.8-install/lib/gcc/x86_64-redhat-linux/4.8.5/../../../../lib64 -L/lib/../lib64 -L/usr/lib/../lib64 -L/home/juno/soft/gcc/gcc-4.8-install/lib/gcc/x86_64-redhat-linux/4.8.5/../../.. CMakeFiles/cmTC_f7c44.dir/CMakeCCompilerABI.c.o -lgcc --as-needed -lgcc_s --no-as-needed -lc -lgcc --as-needed -lgcc_s --no-as-needed /home/juno/soft/gcc/gcc-4.8-install/lib/gcc/x86_64-redhat-linux/4.8.5/crtend.o /usr/lib/../lib64/crtn.o
gmake[1]: Leaving directory `/home/wuwj/workdir/G410code/geant4/simjuno/CMakeFiles/CMakeTmp'


Parsed C implicit link information from above output:
  link line regex: [^( *|.*[/\])(ld|CMAKE_LINK_STARTFILE-NOTFOUND|([^/\]+-)?ld|collect2)[^/\]*( |$)]
  ignore line: [Change Dir: /home/wuwj/workdir/G410code/geant4/simjuno/CMakeFiles/CMakeTmp]
  ignore line: []
  ignore line: [Run Build Command:"/usr/bin/gmake" "cmTC_f7c44/fast"]
  ignore line: [/usr/bin/gmake -f CMakeFiles/cmTC_f7c44.dir/build.make CMakeFiles/cmTC_f7c44.dir/build]
  ignore line: [gmake[1]: Entering directory `/home/wuwj/workdir/G410code/geant4/simjuno/CMakeFiles/CMakeTmp']
  ignore line: [Building C object CMakeFiles/cmTC_f7c44.dir/CMakeCCompilerABI.c.o]
  ignore line: [/home/juno/soft/gcc/gcc-4.8-install/bin/gcc    -o CMakeFiles/cmTC_f7c44.dir/CMakeCCompilerABI.c.o   -c /home/juno/soft/cmake/cmake-3.9.2-install/share/cmake-3.9/Modules/CMakeCCompilerABI.c]
  ignore line: [Linking C executable cmTC_f7c44]
  ignore line: [/home/juno/soft/cmake/cmake-3.9.2-install/bin/cmake -E cmake_link_script CMakeFiles/cmTC_f7c44.dir/link.txt --verbose=1]
  ignore line: [/home/juno/soft/gcc/gcc-4.8-install/bin/gcc     -v -rdynamic CMakeFiles/cmTC_f7c44.dir/CMakeCCompilerABI.c.o  -o cmTC_f7c44 ]
  ignore line: [Using built-in specs.]
  ignore line: [COLLECT_GCC=/home/juno/soft/gcc/gcc-4.8-install/bin/gcc]
  ignore line: [COLLECT_LTO_WRAPPER=/home/juno/soft/gcc/gcc-4.8-install/libexec/gcc/x86_64-redhat-linux/4.8.5/lto-wrapper]
  ignore line: [Target: x86_64-redhat-linux]
  ignore line: [Configured with: ./../gcc-4_8-branch/configure --prefix=/home/juno/soft/gcc/gcc-4.8-install --enable-languages=c,c++,fortran,objc,obj-c++ --enable-threads=posix --enable-checking=release --with-system-zlib --enable-__cxa_atexit --with-ppl --with-cloog --with-tune=generic --with-arch_32=i686 --build=x86_64-redhat-linux]
  ignore line: [Thread model: posix]
  ignore line: [gcc version 4.8.5 (GCC) ]
  ignore line: [COMPILER_PATH=/home/juno/soft/gcc/gcc-4.8-install/libexec/gcc/x86_64-redhat-linux/4.8.5/:/home/juno/soft/gcc/gcc-4.8-install/libexec/gcc/x86_64-redhat-linux/4.8.5/:/home/juno/soft/gcc/gcc-4.8-install/libexec/gcc/x86_64-redhat-linux/:/home/juno/soft/gcc/gcc-4.8-install/lib/gcc/x86_64-redhat-linux/4.8.5/:/home/juno/soft/gcc/gcc-4.8-install/lib/gcc/x86_64-redhat-linux/]
  ignore line: [LIBRARY_PATH=/home/juno/soft/gcc/gcc-4.8-install/lib/gcc/x86_64-redhat-linux/4.8.5/:/home/juno/soft/gcc/gcc-4.8-install/lib/gcc/x86_64-redhat-linux/4.8.5/../../../../lib64/:/lib/../lib64/:/usr/lib/../lib64/:/home/juno/soft/gcc/gcc-4.8-install/lib/gcc/x86_64-redhat-linux/4.8.5/../../../:/lib/:/usr/lib/]
  ignore line: [COLLECT_GCC_OPTIONS='-v' '-rdynamic' '-o' 'cmTC_f7c44' '-mtune=generic' '-march=x86-64']
  link line: [ /home/juno/soft/gcc/gcc-4.8-install/libexec/gcc/x86_64-redhat-linux/4.8.5/collect2 --eh-frame-hdr -m elf_x86_64 -export-dynamic -dynamic-linker /lib64/ld-linux-x86-64.so.2 -o cmTC_f7c44 /usr/lib/../lib64/crt1.o /usr/lib/../lib64/crti.o /home/juno/soft/gcc/gcc-4.8-install/lib/gcc/x86_64-redhat-linux/4.8.5/crtbegin.o -L/home/juno/soft/gcc/gcc-4.8-install/lib/gcc/x86_64-redhat-linux/4.8.5 -L/home/juno/soft/gcc/gcc-4.8-install/lib/gcc/x86_64-redhat-linux/4.8.5/../../../../lib64 -L/lib/../lib64 -L/usr/lib/../lib64 -L/home/juno/soft/gcc/gcc-4.8-install/lib/gcc/x86_64-redhat-linux/4.8.5/../../.. CMakeFiles/cmTC_f7c44.dir/CMakeCCompilerABI.c.o -lgcc --as-needed -lgcc_s --no-as-needed -lc -lgcc --as-needed -lgcc_s --no-as-needed /home/juno/soft/gcc/gcc-4.8-install/lib/gcc/x86_64-redhat-linux/4.8.5/crtend.o /usr/lib/../lib64/crtn.o]
    arg [/home/juno/soft/gcc/gcc-4.8-install/libexec/gcc/x86_64-redhat-linux/4.8.5/collect2] ==> ignore
    arg [--eh-frame-hdr] ==> ignore
    arg [-m] ==> ignore
    arg [elf_x86_64] ==> ignore
    arg [-export-dynamic] ==> ignore
    arg [-dynamic-linker] ==> ignore
    arg [/lib64/ld-linux-x86-64.so.2] ==> ignore
    arg [-o] ==> ignore
    arg [cmTC_f7c44] ==> ignore
    arg [/usr/lib/../lib64/crt1.o] ==> ignore
    arg [/usr/lib/../lib64/crti.o] ==> ignore
    arg [/home/juno/soft/gcc/gcc-4.8-install/lib/gcc/x86_64-redhat-linux/4.8.5/crtbegin.o] ==> ignore
    arg [-L/home/juno/soft/gcc/gcc-4.8-install/lib/gcc/x86_64-redhat-linux/4.8.5] ==> dir [/home/juno/soft/gcc/gcc-4.8-install/lib/gcc/x86_64-redhat-linux/4.8.5]
    arg [-L/home/juno/soft/gcc/gcc-4.8-install/lib/gcc/x86_64-redhat-linux/4.8.5/../../../../lib64] ==> dir [/home/juno/soft/gcc/gcc-4.8-install/lib/gcc/x86_64-redhat-linux/4.8.5/../../../../lib64]
    arg [-L/lib/../lib64] ==> dir [/lib/../lib64]
    arg [-L/usr/lib/../lib64] ==> dir [/usr/lib/../lib64]
    arg [-L/home/juno/soft/gcc/gcc-4.8-install/lib/gcc/x86_64-redhat-linux/4.8.5/../../..] ==> dir [/home/juno/soft/gcc/gcc-4.8-install/lib/gcc/x86_64-redhat-linux/4.8.5/../../..]
    arg [CMakeFiles/cmTC_f7c44.dir/CMakeCCompilerABI.c.o] ==> ignore
    arg [-lgcc] ==> lib [gcc]
    arg [--as-needed] ==> ignore
    arg [-lgcc_s] ==> lib [gcc_s]
    arg [--no-as-needed] ==> ignore
    arg [-lc] ==> lib [c]
    arg [-lgcc] ==> lib [gcc]
    arg [--as-needed] ==> ignore
    arg [-lgcc_s] ==> lib [gcc_s]
    arg [--no-as-needed] ==> ignore
    arg [/home/juno/soft/gcc/gcc-4.8-install/lib/gcc/x86_64-redhat-linux/4.8.5/crtend.o] ==> ignore
    arg [/usr/lib/../lib64/crtn.o] ==> ignore
  collapse library dir [/home/juno/soft/gcc/gcc-4.8-install/lib/gcc/x86_64-redhat-linux/4.8.5] ==> [/home/juno/soft/gcc/gcc-4.8-install/lib/gcc/x86_64-redhat-linux/4.8.5]
  collapse library dir [/home/juno/soft/gcc/gcc-4.8-install/lib/gcc/x86_64-redhat-linux/4.8.5/../../../../lib64] ==> [/home/juno/soft/gcc/gcc-4.8-install/lib64]
  collapse library dir [/lib/../lib64] ==> [/lib64]
  collapse library dir [/usr/lib/../lib64] ==> [/usr/lib64]
  collapse library dir [/home/juno/soft/gcc/gcc-4.8-install/lib/gcc/x86_64-redhat-linux/4.8.5/../../..] ==> [/home/juno/soft/gcc/gcc-4.8-install/lib]
  implicit libs: [gcc;gcc_s;c;gcc;gcc_s]
  implicit dirs: [/home/juno/soft/gcc/gcc-4.8-install/lib/gcc/x86_64-redhat-linux/4.8.5;/home/juno/soft/gcc/gcc-4.8-install/lib64;/lib64;/usr/lib64;/home/juno/soft/gcc/gcc-4.8-install/lib]
  implicit fwks: []




Detecting C [-std=c11] compiler features compiled with the following output:
Change Dir: /home/wuwj/workdir/G410code/geant4/simjuno/CMakeFiles/CMakeTmp

Run Build Command:"/usr/bin/gmake" "cmTC_79bff/fast"
/usr/bin/gmake -f CMakeFiles/cmTC_79bff.dir/build.make CMakeFiles/cmTC_79bff.dir/build
gmake[1]: Entering directory `/home/wuwj/workdir/G410code/geant4/simjuno/CMakeFiles/CMakeTmp'
Building C object CMakeFiles/cmTC_79bff.dir/feature_tests.c.o
/home/juno/soft/gcc/gcc-4.8-install/bin/gcc   -std=c11 -o CMakeFiles/cmTC_79bff.dir/feature_tests.c.o   -c /home/wuwj/workdir/G410code/geant4/simjuno/CMakeFiles/feature_tests.c
Linking C executable cmTC_79bff
/home/juno/soft/cmake/cmake-3.9.2-install/bin/cmake -E cmake_link_script CMakeFiles/cmTC_79bff.dir/link.txt --verbose=1
/home/juno/soft/gcc/gcc-4.8-install/bin/gcc      -rdynamic CMakeFiles/cmTC_79bff.dir/feature_tests.c.o  -o cmTC_79bff 
gmake[1]: Leaving directory `/home/wuwj/workdir/G410code/geant4/simjuno/CMakeFiles/CMakeTmp'


    Feature record: C_FEATURE:1c_function_prototypes
    Feature record: C_FEATURE:1c_restrict
    Feature record: C_FEATURE:1c_static_assert
    Feature record: C_FEATURE:1c_variadic_macros


Detecting C [-std=c99] compiler features compiled with the following output:
Change Dir: /home/wuwj/workdir/G410code/geant4/simjuno/CMakeFiles/CMakeTmp

Run Build Command:"/usr/bin/gmake" "cmTC_443a9/fast"
/usr/bin/gmake -f CMakeFiles/cmTC_443a9.dir/build.make CMakeFiles/cmTC_443a9.dir/build
gmake[1]: Entering directory `/home/wuwj/workdir/G410code/geant4/simjuno/CMakeFiles/CMakeTmp'
Building C object CMakeFiles/cmTC_443a9.dir/feature_tests.c.o
/home/juno/soft/gcc/gcc-4.8-install/bin/gcc   -std=c99 -o CMakeFiles/cmTC_443a9.dir/feature_tests.c.o   -c /home/wuwj/workdir/G410code/geant4/simjuno/CMakeFiles/feature_tests.c
Linking C executable cmTC_443a9
/home/juno/soft/cmake/cmake-3.9.2-install/bin/cmake -E cmake_link_script CMakeFiles/cmTC_443a9.dir/link.txt --verbose=1
/home/juno/soft/gcc/gcc-4.8-install/bin/gcc      -rdynamic CMakeFiles/cmTC_443a9.dir/feature_tests.c.o  -o cmTC_443a9 
gmake[1]: Leaving directory `/home/wuwj/workdir/G410code/geant4/simjuno/CMakeFiles/CMakeTmp'


    Feature record: C_FEATURE:1c_function_prototypes
    Feature record: C_FEATURE:1c_restrict
    Feature record: C_FEATURE:0c_static_assert
    Feature record: C_FEATURE:1c_variadic_macros


Detecting C [-std=c90] compiler features compiled with the following output:
Change Dir: /home/wuwj/workdir/G410code/geant4/simjuno/CMakeFiles/CMakeTmp

Run Build Command:"/usr/bin/gmake" "cmTC_647c6/fast"
/usr/bin/gmake -f CMakeFiles/cmTC_647c6.dir/build.make CMakeFiles/cmTC_647c6.dir/build
gmake[1]: Entering directory `/home/wuwj/workdir/G410code/geant4/simjuno/CMakeFiles/CMakeTmp'
Building C object CMakeFiles/cmTC_647c6.dir/feature_tests.c.o
/home/juno/soft/gcc/gcc-4.8-install/bin/gcc   -std=c90 -o CMakeFiles/cmTC_647c6.dir/feature_tests.c.o   -c /home/wuwj/workdir/G410code/geant4/simjuno/CMakeFiles/feature_tests.c
Linking C executable cmTC_647c6
/home/juno/soft/cmake/cmake-3.9.2-install/bin/cmake -E cmake_link_script CMakeFiles/cmTC_647c6.dir/link.txt --verbose=1
/home/juno/soft/gcc/gcc-4.8-install/bin/gcc      -rdynamic CMakeFiles/cmTC_647c6.dir/feature_tests.c.o  -o cmTC_647c6 
gmake[1]: Leaving directory `/home/wuwj/workdir/G410code/geant4/simjuno/CMakeFiles/CMakeTmp'


    Feature record: C_FEATURE:1c_function_prototypes
    Feature record: C_FEATURE:0c_restrict
    Feature record: C_FEATURE:0c_static_assert
    Feature record: C_FEATURE:0c_variadic_macros
Determining if the CXX compiler works passed with the following output:
Change Dir: /home/wuwj/workdir/G410code/geant4/simjuno/CMakeFiles/CMakeTmp

Run Build Command:"/usr/bin/gmake" "cmTC_ea693/fast"
/usr/bin/gmake -f CMakeFiles/cmTC_ea693.dir/build.make CMakeFiles/cmTC_ea693.dir/build
gmake[1]: Entering directory `/home/wuwj/workdir/G410code/geant4/simjuno/CMakeFiles/CMakeTmp'
Building CXX object CMakeFiles/cmTC_ea693.dir/testCXXCompiler.cxx.o
/home/juno/soft/gcc/gcc-4.8-install/bin/g++     -o CMakeFiles/cmTC_ea693.dir/testCXXCompiler.cxx.o -c /home/wuwj/workdir/G410code/geant4/simjuno/CMakeFiles/CMakeTmp/testCXXCompiler.cxx
Linking CXX executable cmTC_ea693
/home/juno/soft/cmake/cmake-3.9.2-install/bin/cmake -E cmake_link_script CMakeFiles/cmTC_ea693.dir/link.txt --verbose=1
/home/juno/soft/gcc/gcc-4.8-install/bin/g++       -rdynamic CMakeFiles/cmTC_ea693.dir/testCXXCompiler.cxx.o  -o cmTC_ea693 
gmake[1]: Leaving directory `/home/wuwj/workdir/G410code/geant4/simjuno/CMakeFiles/CMakeTmp'


Detecting CXX compiler ABI info compiled with the following output:
Change Dir: /home/wuwj/workdir/G410code/geant4/simjuno/CMakeFiles/CMakeTmp

Run Build Command:"/usr/bin/gmake" "cmTC_fa521/fast"
/usr/bin/gmake -f CMakeFiles/cmTC_fa521.dir/build.make CMakeFiles/cmTC_fa521.dir/build
gmake[1]: Entering directory `/home/wuwj/workdir/G410code/geant4/simjuno/CMakeFiles/CMakeTmp'
Building CXX object CMakeFiles/cmTC_fa521.dir/CMakeCXXCompilerABI.cpp.o
/home/juno/soft/gcc/gcc-4.8-install/bin/g++     -o CMakeFiles/cmTC_fa521.dir/CMakeCXXCompilerABI.cpp.o -c /home/juno/soft/cmake/cmake-3.9.2-install/share/cmake-3.9/Modules/CMakeCXXCompilerABI.cpp
Linking CXX executable cmTC_fa521
/home/juno/soft/cmake/cmake-3.9.2-install/bin/cmake -E cmake_link_script CMakeFiles/cmTC_fa521.dir/link.txt --verbose=1
/home/juno/soft/gcc/gcc-4.8-install/bin/g++      -v -rdynamic CMakeFiles/cmTC_fa521.dir/CMakeCXXCompilerABI.cpp.o  -o cmTC_fa521 
Using built-in specs.
COLLECT_GCC=/home/juno/soft/gcc/gcc-4.8-install/bin/g++
COLLECT_LTO_WRAPPER=/home/juno/soft/gcc/gcc-4.8-install/libexec/gcc/x86_64-redhat-linux/4.8.5/lto-wrapper
Target: x86_64-redhat-linux
Configured with: ./../gcc-4_8-branch/configure --prefix=/home/juno/soft/gcc/gcc-4.8-install --enable-languages=c,c++,fortran,objc,obj-c++ --enable-threads=posix --enable-checking=release --with-system-zlib --enable-__cxa_atexit --with-ppl --with-cloog --with-tune=generic --with-arch_32=i686 --build=x86_64-redhat-linux
Thread model: posix
gcc version 4.8.5 (GCC) 
COMPILER_PATH=/home/juno/soft/gcc/gcc-4.8-install/libexec/gcc/x86_64-redhat-linux/4.8.5/:/home/juno/soft/gcc/gcc-4.8-install/libexec/gcc/x86_64-redhat-linux/4.8.5/:/home/juno/soft/gcc/gcc-4.8-install/libexec/gcc/x86_64-redhat-linux/:/home/juno/soft/gcc/gcc-4.8-install/lib/gcc/x86_64-redhat-linux/4.8.5/:/home/juno/soft/gcc/gcc-4.8-install/lib/gcc/x86_64-redhat-linux/
LIBRARY_PATH=/home/juno/soft/gcc/gcc-4.8-install/lib/gcc/x86_64-redhat-linux/4.8.5/:/home/juno/soft/gcc/gcc-4.8-install/lib/gcc/x86_64-redhat-linux/4.8.5/../../../../lib64/:/lib/../lib64/:/usr/lib/../lib64/:/home/juno/soft/gcc/gcc-4.8-install/lib/gcc/x86_64-redhat-linux/4.8.5/../../../:/lib/:/usr/lib/
COLLECT_GCC_OPTIONS='-v' '-rdynamic' '-o' 'cmTC_fa521' '-shared-libgcc' '-mtune=generic' '-march=x86-64'
 /home/juno/soft/gcc/gcc-4.8-install/libexec/gcc/x86_64-redhat-linux/4.8.5/collect2 --eh-frame-hdr -m elf_x86_64 -export-dynamic -dynamic-linker /lib64/ld-linux-x86-64.so.2 -o cmTC_fa521 /usr/lib/../lib64/crt1.o /usr/lib/../lib64/crti.o /home/juno/soft/gcc/gcc-4.8-install/lib/gcc/x86_64-redhat-linux/4.8.5/crtbegin.o -L/home/juno/soft/gcc/gcc-4.8-install/lib/gcc/x86_64-redhat-linux/4.8.5 -L/home/juno/soft/gcc/gcc-4.8-install/lib/gcc/x86_64-redhat-linux/4.8.5/../../../../lib64 -L/lib/../lib64 -L/usr/lib/../lib64 -L/home/juno/soft/gcc/gcc-4.8-install/lib/gcc/x86_64-redhat-linux/4.8.5/../../.. CMakeFiles/cmTC_fa521.dir/CMakeCXXCompilerABI.cpp.o -lstdc++ -lm -lgcc_s -lgcc -lc -lgcc_s -lgcc /home/juno/soft/gcc/gcc-4.8-install/lib/gcc/x86_64-redhat-linux/4.8.5/crtend.o /usr/lib/../lib64/crtn.o
gmake[1]: Leaving directory `/home/wuwj/workdir/G410code/geant4/simjuno/CMakeFiles/CMakeTmp'


Parsed CXX implicit link information from above output:
  link line regex: [^( *|.*[/\])(ld|CMAKE_LINK_STARTFILE-NOTFOUND|([^/\]+-)?ld|collect2)[^/\]*( |$)]
  ignore line: [Change Dir: /home/wuwj/workdir/G410code/geant4/simjuno/CMakeFiles/CMakeTmp]
  ignore line: []
  ignore line: [Run Build Command:"/usr/bin/gmake" "cmTC_fa521/fast"]
  ignore line: [/usr/bin/gmake -f CMakeFiles/cmTC_fa521.dir/build.make CMakeFiles/cmTC_fa521.dir/build]
  ignore line: [gmake[1]: Entering directory `/home/wuwj/workdir/G410code/geant4/simjuno/CMakeFiles/CMakeTmp']
  ignore line: [Building CXX object CMakeFiles/cmTC_fa521.dir/CMakeCXXCompilerABI.cpp.o]
  ignore line: [/home/juno/soft/gcc/gcc-4.8-install/bin/g++     -o CMakeFiles/cmTC_fa521.dir/CMakeCXXCompilerABI.cpp.o -c /home/juno/soft/cmake/cmake-3.9.2-install/share/cmake-3.9/Modules/CMakeCXXCompilerABI.cpp]
  ignore line: [Linking CXX executable cmTC_fa521]
  ignore line: [/home/juno/soft/cmake/cmake-3.9.2-install/bin/cmake -E cmake_link_script CMakeFiles/cmTC_fa521.dir/link.txt --verbose=1]
  ignore line: [/home/juno/soft/gcc/gcc-4.8-install/bin/g++      -v -rdynamic CMakeFiles/cmTC_fa521.dir/CMakeCXXCompilerABI.cpp.o  -o cmTC_fa521 ]
  ignore line: [Using built-in specs.]
  ignore line: [COLLECT_GCC=/home/juno/soft/gcc/gcc-4.8-install/bin/g++]
  ignore line: [COLLECT_LTO_WRAPPER=/home/juno/soft/gcc/gcc-4.8-install/libexec/gcc/x86_64-redhat-linux/4.8.5/lto-wrapper]
  ignore line: [Target: x86_64-redhat-linux]
  ignore line: [Configured with: ./../gcc-4_8-branch/configure --prefix=/home/juno/soft/gcc/gcc-4.8-install --enable-languages=c,c++,fortran,objc,obj-c++ --enable-threads=posix --enable-checking=release --with-system-zlib --enable-__cxa_atexit --with-ppl --with-cloog --with-tune=generic --with-arch_32=i686 --build=x86_64-redhat-linux]
  ignore line: [Thread model: posix]
  ignore line: [gcc version 4.8.5 (GCC) ]
  ignore line: [COMPILER_PATH=/home/juno/soft/gcc/gcc-4.8-install/libexec/gcc/x86_64-redhat-linux/4.8.5/:/home/juno/soft/gcc/gcc-4.8-install/libexec/gcc/x86_64-redhat-linux/4.8.5/:/home/juno/soft/gcc/gcc-4.8-install/libexec/gcc/x86_64-redhat-linux/:/home/juno/soft/gcc/gcc-4.8-install/lib/gcc/x86_64-redhat-linux/4.8.5/:/home/juno/soft/gcc/gcc-4.8-install/lib/gcc/x86_64-redhat-linux/]
  ignore line: [LIBRARY_PATH=/home/juno/soft/gcc/gcc-4.8-install/lib/gcc/x86_64-redhat-linux/4.8.5/:/home/juno/soft/gcc/gcc-4.8-install/lib/gcc/x86_64-redhat-linux/4.8.5/../../../../lib64/:/lib/../lib64/:/usr/lib/../lib64/:/home/juno/soft/gcc/gcc-4.8-install/lib/gcc/x86_64-redhat-linux/4.8.5/../../../:/lib/:/usr/lib/]
  ignore line: [COLLECT_GCC_OPTIONS='-v' '-rdynamic' '-o' 'cmTC_fa521' '-shared-libgcc' '-mtune=generic' '-march=x86-64']
  link line: [ /home/juno/soft/gcc/gcc-4.8-install/libexec/gcc/x86_64-redhat-linux/4.8.5/collect2 --eh-frame-hdr -m elf_x86_64 -export-dynamic -dynamic-linker /lib64/ld-linux-x86-64.so.2 -o cmTC_fa521 /usr/lib/../lib64/crt1.o /usr/lib/../lib64/crti.o /home/juno/soft/gcc/gcc-4.8-install/lib/gcc/x86_64-redhat-linux/4.8.5/crtbegin.o -L/home/juno/soft/gcc/gcc-4.8-install/lib/gcc/x86_64-redhat-linux/4.8.5 -L/home/juno/soft/gcc/gcc-4.8-install/lib/gcc/x86_64-redhat-linux/4.8.5/../../../../lib64 -L/lib/../lib64 -L/usr/lib/../lib64 -L/home/juno/soft/gcc/gcc-4.8-install/lib/gcc/x86_64-redhat-linux/4.8.5/../../.. CMakeFiles/cmTC_fa521.dir/CMakeCXXCompilerABI.cpp.o -lstdc++ -lm -lgcc_s -lgcc -lc -lgcc_s -lgcc /home/juno/soft/gcc/gcc-4.8-install/lib/gcc/x86_64-redhat-linux/4.8.5/crtend.o /usr/lib/../lib64/crtn.o]
    arg [/home/juno/soft/gcc/gcc-4.8-install/libexec/gcc/x86_64-redhat-linux/4.8.5/collect2] ==> ignore
    arg [--eh-frame-hdr] ==> ignore
    arg [-m] ==> ignore
    arg [elf_x86_64] ==> ignore
    arg [-export-dynamic] ==> ignore
    arg [-dynamic-linker] ==> ignore
    arg [/lib64/ld-linux-x86-64.so.2] ==> ignore
    arg [-o] ==> ignore
    arg [cmTC_fa521] ==> ignore
    arg [/usr/lib/../lib64/crt1.o] ==> ignore
    arg [/usr/lib/../lib64/crti.o] ==> ignore
    arg [/home/juno/soft/gcc/gcc-4.8-install/lib/gcc/x86_64-redhat-linux/4.8.5/crtbegin.o] ==> ignore
    arg [-L/home/juno/soft/gcc/gcc-4.8-install/lib/gcc/x86_64-redhat-linux/4.8.5] ==> dir [/home/juno/soft/gcc/gcc-4.8-install/lib/gcc/x86_64-redhat-linux/4.8.5]
    arg [-L/home/juno/soft/gcc/gcc-4.8-install/lib/gcc/x86_64-redhat-linux/4.8.5/../../../../lib64] ==> dir [/home/juno/soft/gcc/gcc-4.8-install/lib/gcc/x86_64-redhat-linux/4.8.5/../../../../lib64]
    arg [-L/lib/../lib64] ==> dir [/lib/../lib64]
    arg [-L/usr/lib/../lib64] ==> dir [/usr/lib/../lib64]
    arg [-L/home/juno/soft/gcc/gcc-4.8-install/lib/gcc/x86_64-redhat-linux/4.8.5/../../..] ==> dir [/home/juno/soft/gcc/gcc-4.8-install/lib/gcc/x86_64-redhat-linux/4.8.5/../../..]
    arg [CMakeFiles/cmTC_fa521.dir/CMakeCXXCompilerABI.cpp.o] ==> ignore
    arg [-lstdc++] ==> lib [stdc++]
    arg [-lm] ==> lib [m]
    arg [-lgcc_s] ==> lib [gcc_s]
    arg [-lgcc] ==> lib [gcc]
    arg [-lc] ==> lib [c]
    arg [-lgcc_s] ==> lib [gcc_s]
    arg [-lgcc] ==> lib [gcc]
    arg [/home/juno/soft/gcc/gcc-4.8-install/lib/gcc/x86_64-redhat-linux/4.8.5/crtend.o] ==> ignore
    arg [/usr/lib/../lib64/crtn.o] ==> ignore
  collapse library dir [/home/juno/soft/gcc/gcc-4.8-install/lib/gcc/x86_64-redhat-linux/4.8.5] ==> [/home/juno/soft/gcc/gcc-4.8-install/lib/gcc/x86_64-redhat-linux/4.8.5]
  collapse library dir [/home/juno/soft/gcc/gcc-4.8-install/lib/gcc/x86_64-redhat-linux/4.8.5/../../../../lib64] ==> [/home/juno/soft/gcc/gcc-4.8-install/lib64]
  collapse library dir [/lib/../lib64] ==> [/lib64]
  collapse library dir [/usr/lib/../lib64] ==> [/usr/lib64]
  collapse library dir [/home/juno/soft/gcc/gcc-4.8-install/lib/gcc/x86_64-redhat-linux/4.8.5/../../..] ==> [/home/juno/soft/gcc/gcc-4.8-install/lib]
  implicit libs: [stdc++;m;gcc_s;gcc;c;gcc_s;gcc]
  implicit dirs: [/home/juno/soft/gcc/gcc-4.8-install/lib/gcc/x86_64-redhat-linux/4.8.5;/home/juno/soft/gcc/gcc-4.8-install/lib64;/lib64;/usr/lib64;/home/juno/soft/gcc/gcc-4.8-install/lib]
  implicit fwks: []




Detecting CXX [-std=c++1y] compiler features compiled with the following output:
Change Dir: /home/wuwj/workdir/G410code/geant4/simjuno/CMakeFiles/CMakeTmp

Run Build Command:"/usr/bin/gmake" "cmTC_9e031/fast"
/usr/bin/gmake -f CMakeFiles/cmTC_9e031.dir/build.make CMakeFiles/cmTC_9e031.dir/build
gmake[1]: Entering directory `/home/wuwj/workdir/G410code/geant4/simjuno/CMakeFiles/CMakeTmp'
Building CXX object CMakeFiles/cmTC_9e031.dir/feature_tests.cxx.o
/home/juno/soft/gcc/gcc-4.8-install/bin/g++    -std=c++1y -o CMakeFiles/cmTC_9e031.dir/feature_tests.cxx.o -c /home/wuwj/workdir/G410code/geant4/simjuno/CMakeFiles/feature_tests.cxx
Linking CXX executable cmTC_9e031
/home/juno/soft/cmake/cmake-3.9.2-install/bin/cmake -E cmake_link_script CMakeFiles/cmTC_9e031.dir/link.txt --verbose=1
/home/juno/soft/gcc/gcc-4.8-install/bin/g++       -rdynamic CMakeFiles/cmTC_9e031.dir/feature_tests.cxx.o  -o cmTC_9e031 
gmake[1]: Leaving directory `/home/wuwj/workdir/G410code/geant4/simjuno/CMakeFiles/CMakeTmp'


    Feature record: CXX_FEATURE:0cxx_aggregate_default_initializers
    Feature record: CXX_FEATURE:1cxx_alias_templates
    Feature record: CXX_FEATURE:1cxx_alignas
    Feature record: CXX_FEATURE:1cxx_alignof
    Feature record: CXX_FEATURE:1cxx_attributes
    Feature record: CXX_FEATURE:0cxx_attribute_deprecated
    Feature record: CXX_FEATURE:1cxx_auto_type
    Feature record: CXX_FEATURE:0cxx_binary_literals
    Feature record: CXX_FEATURE:1cxx_constexpr
    Feature record: CXX_FEATURE:0cxx_contextual_conversions
    Feature record: CXX_FEATURE:1cxx_decltype
    Feature record: CXX_FEATURE:0cxx_decltype_auto
    Feature record: CXX_FEATURE:1cxx_decltype_incomplete_return_types
    Feature record: CXX_FEATURE:1cxx_default_function_template_args
    Feature record: CXX_FEATURE:1cxx_defaulted_functions
    Feature record: CXX_FEATURE:1cxx_defaulted_move_initializers
    Feature record: CXX_FEATURE:1cxx_delegating_constructors
    Feature record: CXX_FEATURE:1cxx_deleted_functions
    Feature record: CXX_FEATURE:0cxx_digit_separators
    Feature record: CXX_FEATURE:1cxx_enum_forward_declarations
    Feature record: CXX_FEATURE:1cxx_explicit_conversions
    Feature record: CXX_FEATURE:1cxx_extended_friend_declarations
    Feature record: CXX_FEATURE:1cxx_extern_templates
    Feature record: CXX_FEATURE:1cxx_final
    Feature record: CXX_FEATURE:1cxx_func_identifier
    Feature record: CXX_FEATURE:1cxx_generalized_initializers
    Feature record: CXX_FEATURE:0cxx_generic_lambdas
    Feature record: CXX_FEATURE:1cxx_inheriting_constructors
    Feature record: CXX_FEATURE:1cxx_inline_namespaces
    Feature record: CXX_FEATURE:1cxx_lambdas
    Feature record: CXX_FEATURE:0cxx_lambda_init_captures
    Feature record: CXX_FEATURE:1cxx_local_type_template_args
    Feature record: CXX_FEATURE:1cxx_long_long_type
    Feature record: CXX_FEATURE:1cxx_noexcept
    Feature record: CXX_FEATURE:1cxx_nonstatic_member_init
    Feature record: CXX_FEATURE:1cxx_nullptr
    Feature record: CXX_FEATURE:1cxx_override
    Feature record: CXX_FEATURE:1cxx_range_for
    Feature record: CXX_FEATURE:1cxx_raw_string_literals
    Feature record: CXX_FEATURE:1cxx_reference_qualified_functions
    Feature record: CXX_FEATURE:0cxx_relaxed_constexpr
    Feature record: CXX_FEATURE:0cxx_return_type_deduction
    Feature record: CXX_FEATURE:1cxx_right_angle_brackets
    Feature record: CXX_FEATURE:1cxx_rvalue_references
    Feature record: CXX_FEATURE:1cxx_sizeof_member
    Feature record: CXX_FEATURE:1cxx_static_assert
    Feature record: CXX_FEATURE:1cxx_strong_enums
    Feature record: CXX_FEATURE:1cxx_template_template_parameters
    Feature record: CXX_FEATURE:1cxx_thread_local
    Feature record: CXX_FEATURE:1cxx_trailing_return_types
    Feature record: CXX_FEATURE:1cxx_unicode_literals
    Feature record: CXX_FEATURE:1cxx_uniform_initialization
    Feature record: CXX_FEATURE:1cxx_unrestricted_unions
    Feature record: CXX_FEATURE:1cxx_user_literals
    Feature record: CXX_FEATURE:0cxx_variable_templates
    Feature record: CXX_FEATURE:1cxx_variadic_macros
    Feature record: CXX_FEATURE:1cxx_variadic_templates


Detecting CXX [-std=c++11] compiler features compiled with the following output:
Change Dir: /home/wuwj/workdir/G410code/geant4/simjuno/CMakeFiles/CMakeTmp

Run Build Command:"/usr/bin/gmake" "cmTC_e8eda/fast"
/usr/bin/gmake -f CMakeFiles/cmTC_e8eda.dir/build.make CMakeFiles/cmTC_e8eda.dir/build
gmake[1]: Entering directory `/home/wuwj/workdir/G410code/geant4/simjuno/CMakeFiles/CMakeTmp'
Building CXX object CMakeFiles/cmTC_e8eda.dir/feature_tests.cxx.o
/home/juno/soft/gcc/gcc-4.8-install/bin/g++    -std=c++11 -o CMakeFiles/cmTC_e8eda.dir/feature_tests.cxx.o -c /home/wuwj/workdir/G410code/geant4/simjuno/CMakeFiles/feature_tests.cxx
Linking CXX executable cmTC_e8eda
/home/juno/soft/cmake/cmake-3.9.2-install/bin/cmake -E cmake_link_script CMakeFiles/cmTC_e8eda.dir/link.txt --verbose=1
/home/juno/soft/gcc/gcc-4.8-install/bin/g++       -rdynamic CMakeFiles/cmTC_e8eda.dir/feature_tests.cxx.o  -o cmTC_e8eda 
gmake[1]: Leaving directory `/home/wuwj/workdir/G410code/geant4/simjuno/CMakeFiles/CMakeTmp'


    Feature record: CXX_FEATURE:0cxx_aggregate_default_initializers
    Feature record: CXX_FEATURE:1cxx_alias_templates
    Feature record: CXX_FEATURE:1cxx_alignas
    Feature record: CXX_FEATURE:1cxx_alignof
    Feature record: CXX_FEATURE:1cxx_attributes
    Feature record: CXX_FEATURE:0cxx_attribute_deprecated
    Feature record: CXX_FEATURE:1cxx_auto_type
    Feature record: CXX_FEATURE:0cxx_binary_literals
    Feature record: CXX_FEATURE:1cxx_constexpr
    Feature record: CXX_FEATURE:0cxx_contextual_conversions
    Feature record: CXX_FEATURE:1cxx_decltype
    Feature record: CXX_FEATURE:0cxx_decltype_auto
    Feature record: CXX_FEATURE:1cxx_decltype_incomplete_return_types
    Feature record: CXX_FEATURE:1cxx_default_function_template_args
    Feature record: CXX_FEATURE:1cxx_defaulted_functions
    Feature record: CXX_FEATURE:1cxx_defaulted_move_initializers
    Feature record: CXX_FEATURE:1cxx_delegating_constructors
    Feature record: CXX_FEATURE:1cxx_deleted_functions
    Feature record: CXX_FEATURE:0cxx_digit_separators
    Feature record: CXX_FEATURE:1cxx_enum_forward_declarations
    Feature record: CXX_FEATURE:1cxx_explicit_conversions
    Feature record: CXX_FEATURE:1cxx_extended_friend_declarations
    Feature record: CXX_FEATURE:1cxx_extern_templates
    Feature record: CXX_FEATURE:1cxx_final
    Feature record: CXX_FEATURE:1cxx_func_identifier
    Feature record: CXX_FEATURE:1cxx_generalized_initializers
    Feature record: CXX_FEATURE:0cxx_generic_lambdas
    Feature record: CXX_FEATURE:1cxx_inheriting_constructors
    Feature record: CXX_FEATURE:1cxx_inline_namespaces
    Feature record: CXX_FEATURE:1cxx_lambdas
    Feature record: CXX_FEATURE:0cxx_lambda_init_captures
    Feature record: CXX_FEATURE:1cxx_local_type_template_args
    Feature record: CXX_FEATURE:1cxx_long_long_type
    Feature record: CXX_FEATURE:1cxx_noexcept
    Feature record: CXX_FEATURE:1cxx_nonstatic_member_init
    Feature record: CXX_FEATURE:1cxx_nullptr
    Feature record: CXX_FEATURE:1cxx_override
    Feature record: CXX_FEATURE:1cxx_range_for
    Feature record: CXX_FEATURE:1cxx_raw_string_literals
    Feature record: CXX_FEATURE:1cxx_reference_qualified_functions
    Feature record: CXX_FEATURE:0cxx_relaxed_constexpr
    Feature record: CXX_FEATURE:0cxx_return_type_deduction
    Feature record: CXX_FEATURE:1cxx_right_angle_brackets
    Feature record: CXX_FEATURE:1cxx_rvalue_references
    Feature record: CXX_FEATURE:1cxx_sizeof_member
    Feature record: CXX_FEATURE:1cxx_static_assert
    Feature record: CXX_FEATURE:1cxx_strong_enums
    Feature record: CXX_FEATURE:1cxx_template_template_parameters
    Feature record: CXX_FEATURE:1cxx_thread_local
    Feature record: CXX_FEATURE:1cxx_trailing_return_types
    Feature record: CXX_FEATURE:1cxx_unicode_literals
    Feature record: CXX_FEATURE:1cxx_uniform_initialization
    Feature record: CXX_FEATURE:1cxx_unrestricted_unions
    Feature record: CXX_FEATURE:1cxx_user_literals
    Feature record: CXX_FEATURE:0cxx_variable_templates
    Feature record: CXX_FEATURE:1cxx_variadic_macros
    Feature record: CXX_FEATURE:1cxx_variadic_templates


Detecting CXX [-std=c++98] compiler features compiled with the following output:
Change Dir: /home/wuwj/workdir/G410code/geant4/simjuno/CMakeFiles/CMakeTmp

Run Build Command:"/usr/bin/gmake" "cmTC_a69aa/fast"
/usr/bin/gmake -f CMakeFiles/cmTC_a69aa.dir/build.make CMakeFiles/cmTC_a69aa.dir/build
gmake[1]: Entering directory `/home/wuwj/workdir/G410code/geant4/simjuno/CMakeFiles/CMakeTmp'
Building CXX object CMakeFiles/cmTC_a69aa.dir/feature_tests.cxx.o
/home/juno/soft/gcc/gcc-4.8-install/bin/g++    -std=c++98 -o CMakeFiles/cmTC_a69aa.dir/feature_tests.cxx.o -c /home/wuwj/workdir/G410code/geant4/simjuno/CMakeFiles/feature_tests.cxx
Linking CXX executable cmTC_a69aa
/home/juno/soft/cmake/cmake-3.9.2-install/bin/cmake -E cmake_link_script CMakeFiles/cmTC_a69aa.dir/link.txt --verbose=1
/home/juno/soft/gcc/gcc-4.8-install/bin/g++       -rdynamic CMakeFiles/cmTC_a69aa.dir/feature_tests.cxx.o  -o cmTC_a69aa 
gmake[1]: Leaving directory `/home/wuwj/workdir/G410code/geant4/simjuno/CMakeFiles/CMakeTmp'


    Feature record: CXX_FEATURE:0cxx_aggregate_default_initializers
    Feature record: CXX_FEATURE:0cxx_alias_templates
    Feature record: CXX_FEATURE:0cxx_alignas
    Feature record: CXX_FEATURE:0cxx_alignof
    Feature record: CXX_FEATURE:0cxx_attributes
    Feature record: CXX_FEATURE:0cxx_attribute_deprecated
    Feature record: CXX_FEATURE:0cxx_auto_type
    Feature record: CXX_FEATURE:0cxx_binary_literals
    Feature record: CXX_FEATURE:0cxx_constexpr
    Feature record: CXX_FEATURE:0cxx_contextual_conversions
    Feature record: CXX_FEATURE:0cxx_decltype
    Feature record: CXX_FEATURE:0cxx_decltype_auto
    Feature record: CXX_FEATURE:0cxx_decltype_incomplete_return_types
    Feature record: CXX_FEATURE:0cxx_default_function_template_args
    Feature record: CXX_FEATURE:0cxx_defaulted_functions
    Feature record: CXX_FEATURE:0cxx_defaulted_move_initializers
    Feature record: CXX_FEATURE:0cxx_delegating_constructors
    Feature record: CXX_FEATURE:0cxx_deleted_functions
    Feature record: CXX_FEATURE:0cxx_digit_separators
    Feature record: CXX_FEATURE:0cxx_enum_forward_declarations
    Feature record: CXX_FEATURE:0cxx_explicit_conversions
    Feature record: CXX_FEATURE:0cxx_extended_friend_declarations
    Feature record: CXX_FEATURE:0cxx_extern_templates
    Feature record: CXX_FEATURE:0cxx_final
    Feature record: CXX_FEATURE:0cxx_func_identifier
    Feature record: CXX_FEATURE:0cxx_generalized_initializers
    Feature record: CXX_FEATURE:0cxx_generic_lambdas
    Feature record: CXX_FEATURE:0cxx_inheriting_constructors
    Feature record: CXX_FEATURE:0cxx_inline_namespaces
    Feature record: CXX_FEATURE:0cxx_lambdas
    Feature record: CXX_FEATURE:0cxx_lambda_init_captures
    Feature record: CXX_FEATURE:0cxx_local_type_template_args
    Feature record: CXX_FEATURE:0cxx_long_long_type
    Feature record: CXX_FEATURE:0cxx_noexcept
    Feature record: CXX_FEATURE:0cxx_nonstatic_member_init
    Feature record: CXX_FEATURE:0cxx_nullptr
    Feature record: CXX_FEATURE:0cxx_override
    Feature record: CXX_FEATURE:0cxx_range_for
    Feature record: CXX_FEATURE:0cxx_raw_string_literals
    Feature record: CXX_FEATURE:0cxx_reference_qualified_functions
    Feature record: CXX_FEATURE:0cxx_relaxed_constexpr
    Feature record: CXX_FEATURE:0cxx_return_type_deduction
    Feature record: CXX_FEATURE:0cxx_right_angle_brackets
    Feature record: CXX_FEATURE:0cxx_rvalue_references
    Feature record: CXX_FEATURE:0cxx_sizeof_member
    Feature record: CXX_FEATURE:0cxx_static_assert
    Feature record: CXX_FEATURE:0cxx_strong_enums
    Feature record: CXX_FEATURE:1cxx_template_template_parameters
    Feature record: CXX_FEATURE:0cxx_thread_local
    Feature record: CXX_FEATURE:0cxx_trailing_return_types
    Feature record: CXX_FEATURE:0cxx_unicode_literals
    Feature record: CXX_FEATURE:0cxx_uniform_initialization
    Feature record: CXX_FEATURE:0cxx_unrestricted_unions
    Feature record: CXX_FEATURE:0cxx_user_literals
    Feature record: CXX_FEATURE:0cxx_variable_templates
    Feature record: CXX_FEATURE:0cxx_variadic_macros
    Feature record: CXX_FEATURE:0cxx_variadic_templates
